#
# A fatal error has been detected by the Java Runtime Environment:
#
#  EXCEPTION_ACCESS_VIOLATION (0xc0000005) at pc=0x00007ffcbc8ac747, pid=20216, tid=14100
#
# JRE version: OpenJDK Runtime Environment Temurin-17.0.5+8 (17.0.5+8) (build 17.0.5+8)
# Java VM: OpenJDK 64-Bit Server VM Temurin-17.0.5+8 (17.0.5+8, mixed mode, sharing, tiered, compressed oops, compressed class ptrs, g1 gc, windows-amd64)
# Problematic frame:
# C  [lwjgl_opengl.dll+0xc747]
#
# No core dump will be written. Minidumps are not enabled by default on client versions of Windows
#
# If you would like to submit a bug report, please visit:
#   https://github.com/adoptium/adoptium-support/issues
# The crash happened outside the Java Virtual Machine in native code.
# See problematic frame for where to report the bug.
#

---------------  S U M M A R Y ------------

Command Line: -Dfile.encoding=UTF-8 -Duser.country=US -Duser.language=en -Duser.variant voyage_engine.AppKt

Host: Intel(R) Core(TM) i7-10700K CPU @ 3.80GHz, 16 cores, 31G,  Windows 11 , 64 bit Build 22621 (10.0.22621.900)
Time: Tue Dec 13 22:27:24 2022 Pacific Standard Time elapsed time: 0.527814 seconds (0d 0h 0m 0s)

---------------  T H R E A D  ---------------

Current thread (0x0000029c9e8af040):  JavaThread "main" [_thread_in_native, id=14100, stack(0x000000de91d00000,0x000000de91e00000)]

Stack: [0x000000de91d00000,0x000000de91e00000],  sp=0x000000de91dff128,  free space=1020k
Native frames: (J=compiled Java code, j=interpreted, Vv=VM code, C=native code)
C  [lwjgl_opengl.dll+0xc747]

Java frames: (J=compiled Java code, j=interpreted, Vv=VM code)
j  org.lwjgl.opengl.GL11C.nglGetString(I)J+0
j  org.lwjgl.opengl.GL11C.glGetString(I)Ljava/lang/String;+1
j  org.lwjgl.opengl.GL11.glGetString(I)Ljava/lang/String;+1
j  voyage_engine.App.initialize()V+131
j  voyage_engine.App.run()V+1
j  voyage_engine.AppKt.main([Ljava/lang/String;)V+15
v  ~StubRoutines::call_stub

siginfo: EXCEPTION_ACCESS_VIOLATION (0xc0000005), reading address 0x0000000000000378


Register to memory mapping:

RIP=0x00007ffcbc8ac747 lwjgl_opengl.dll
RAX=0x0000029ccd50a5b0 points into unknown readable memory: 0x0000000000000000 | 00 00 00 00 00 00 00 00
RBX={method} {0x0000029ccc538ef8} 'nglGetString' '(I)J' in 'org/lwjgl/opengl/GL11C'
RCX=0x0 is NULL
RDX=0x000000de91dff1b8 is pointing into the stack for thread: 0x0000029c9e8af040
RSP=0x000000de91dff128 is pointing into the stack for thread: 0x0000029c9e8af040
RBP=0x000000de91dff1a8 is pointing into the stack for thread: 0x0000029c9e8af040
RSI=0x0 is NULL
RDI=0x0 is NULL
R8 =0x0000000000001f02 is an unknown value
R9 =0x0000000000000002 is an unknown value
R10=0x0000029ca638d5f2 is at code_begin+946 in an Interpreter codelet
method entry point (kind = native)  [0x0000029ca638d240, 0x0000029ca638dbc0]  2432 bytes
R11=0x000000062164ba40 is an oop: java.lang.Class 
{0x000000062164ba40} - klass: 'java/lang/Class'
 - ---- fields (total size 116 words):
 - private volatile transient 'classRedefinedCount' 'I' @12  0
 - private volatile transient 'cachedConstructor' 'Ljava/lang/reflect/Constructor;' @40  NULL (0)
 - private transient 'name' 'Ljava/lang/String;' @44  "org.lwjgl.opengl.GL11C"{0x000000062164bdf0} (c42c97be)
 - private transient 'module' 'Ljava/lang/Module;' @48  a 'java/lang/Module'{0x00000006221030a8} (c4420615)
 - private final 'classLoader' 'Ljava/lang/ClassLoader;' @52  a 'jdk/internal/loader/ClassLoaders$AppClassLoader'{0x0000000622102ee8} (c44205dd)
 - private transient 'classData' 'Ljava/lang/Object;' @56  NULL (0)
 - private transient 'packageName' 'Ljava/lang/String;' @60  "org.lwjgl.opengl"{0x0000000621581b30} (c42b0366)
 - private final 'componentType' 'Ljava/lang/Class;' @64  NULL (0)
 - private volatile transient 'reflectionData' 'Ljava/lang/ref/SoftReference;' @68  NULL (0)
 - private volatile transient 'genericInfo' 'Lsun/reflect/generics/repository/ClassRepository;' @72  NULL (0)
 - private volatile transient 'enumConstants' '[Ljava/lang/Object;' @76  NULL (0)
 - private volatile transient 'enumConstantDirectory' 'Ljava/util/Map;' @80  NULL (0)
 - private volatile transient 'annotationData' 'Ljava/lang/Class$AnnotationData;' @84  NULL (0)
 - private volatile transient 'annotationType' 'Lsun/reflect/annotation/AnnotationType;' @88  NULL (0)
 - transient 'classValueMap' 'Ljava/lang/ClassValue$ClassValueMap;' @92  NULL (0)
 - signature: Lorg/lwjgl/opengl/GL11C;
 - fake entry for mirror: 'org/lwjgl/opengl/GL11C'
 - fake entry for array: NULL
 - fake entry for oop_size: 116
 - fake entry for static_oop_field_count: 0
 - public static final 'GL_NEVER' 'I' @112  512 (200)
 - public static final 'GL_LESS' 'I' @116  513 (201)
 - public static final 'GL_EQUAL' 'I' @120  514 (202)
 - public static final 'GL_LEQUAL' 'I' @124  515 (203)
 - public static final 'GL_GREATER' 'I' @128  516 (204)
 - public static final 'GL_NOTEQUAL' 'I' @132  517 (205)
 - public static final 'GL_GEQUAL' 'I' @136  518 (206)
 - public static final 'GL_ALWAYS' 'I' @140  519 (207)
 - public static final 'GL_DEPTH_BUFFER_BIT' 'I' @144  256 (100)
 - public static final 'GL_STENCIL_BUFFER_BIT' 'I' @148  1024 (400)
 - public static final 'GL_COLOR_BUFFER_BIT' 'I' @152  16384 (4000)
 - public static final 'GL_POINTS' 'I' @156  0
 - public static final 'GL_LINES' 'I' @160  1
 - public static final 'GL_LINE_LOOP' 'I' @164  2
 - public static final 'GL_LINE_STRIP' 'I' @168  3
 - public static final 'GL_TRIANGLES' 'I' @172  4
 - public static final 'GL_TRIANGLE_STRIP' 'I' @176  5
 - public static final 'GL_TRIANGLE_FAN' 'I' @180  6
 - public static final 'GL_QUADS' 'I' @184  7
 - public static final 'GL_ZERO' 'I' @188  0
 - public static final 'GL_ONE' 'I' @192  1
 - public static final 'GL_SRC_COLOR' 'I' @196  768 (300)
 - public static final 'GL_ONE_MINUS_SRC_COLOR' 'I' @200  769 (301)
 - public static final 'GL_SRC_ALPHA' 'I' @204  770 (302)
 - public static final 'GL_ONE_MINUS_SRC_ALPHA' 'I' @208  771 (303)
 - public static final 'GL_DST_ALPHA' 'I' @212  772 (304)
 - public static final 'GL_ONE_MINUS_DST_ALPHA' 'I' @216  773 (305)
 - public static final 'GL_DST_COLOR' 'I' @220  774 (306)
 - public static final 'GL_ONE_MINUS_DST_COLOR' 'I' @224  775 (307)
 - public static final 'GL_SRC_ALPHA_SATURATE' 'I' @228  776 (308)
 - public static final 'GL_TRUE' 'I' @232  1
 - public static final 'GL_FALSE' 'I' @236  0
 - public static final 'GL_BYTE' 'I' @240  5120 (1400)
 - public static final 'GL_UNSIGNED_BYTE' 'I' @244  5121 (1401)
 - public static final 'GL_SHORT' 'I' @248  5122 (1402)
 - public static final 'GL_UNSIGNED_SHORT' 'I' @252  5123 (1403)
 - public static final 'GL_INT' 'I' @256  5124 (1404)
 - public static final 'GL_UNSIGNED_INT' 'I' @260  5125 (1405)
 - public static final 'GL_FLOAT' 'I' @264  5126 (1406)
 - public static final 'GL_DOUBLE' 'I' @268  5130 (140a)
 - public static final 'GL_NONE' 'I' @272  0
 - public static final 'GL_FRONT_LEFT' 'I' @276  1024 (400)
 - public static final 'GL_FRONT_RIGHT' 'I' @280  1025 (401)
 - public static final 'GL_BACK_LEFT' 'I' @284  1026 (402)
 - public static final 'GL_BACK_RIGHT' 'I' @288  1027 (403)
 - public static final 'GL_FRONT' 'I' @292  1028 (404)
 - public static final 'GL_BACK' 'I' @296  1029 (405)
 - public static final 'GL_LEFT' 'I' @300  1030 (406)
 - public static final 'GL_RIGHT' 'I' @304  1031 (407)
 - public static final 'GL_FRONT_AND_BACK' 'I' @308  1032 (408)
 - public static final 'GL_NO_ERROR' 'I' @312  0
 - public static final 'GL_INVALID_ENUM' 'I' @316  1280 (500)
 - public static final 'GL_INVALID_VALUE' 'I' @320  1281 (501)
 - public static final 'GL_INVALID_OPERATION' 'I' @324  1282 (502)
 - public static final 'GL_STACK_OVERFLOW' 'I' @328  1283 (503)
 - public static final 'GL_STACK_UNDERFLOW' 'I' @332  1284 (504)
 - public static final 'GL_OUT_OF_MEMORY' 'I' @336  1285 (505)
 - public static final 'GL_CW' 'I' @340  2304 (900)
 - public static final 'GL_CCW' 'I' @344  2305 (901)
 - public static final 'GL_POINT_SIZE' 'I' @348  2833 (b11)
 - public static final 'GL_POINT_SIZE_RANGE' 'I' @352  2834 (b12)
 - public static final 'GL_POINT_SIZE_GRANULARITY' 'I' @356  2835 (b13)
 - public static final 'GL_LINE_SMOOTH' 'I' @360  2848 (b20)
 - public static final 'GL_LINE_WIDTH' 'I' @364  2849 (b21)
 - public static final 'GL_LINE_WIDTH_RANGE' 'I' @368  2850 (b22)
 - public static final 'GL_LINE_WIDTH_GRANULARITY' 'I' @372  2851 (b23)
 - public static final 'GL_POLYGON_MODE' 'I' @376  2880 (b40)
 - public static final 'GL_POLYGON_SMOOTH' 'I' @380  2881 (b41)
 - public static final 'GL_CULL_FACE' 'I' @384  2884 (b44)
 - public static final 'GL_CULL_FACE_MODE' 'I' @388  2885 (b45)
 - public static final 'GL_FRONT_FACE' 'I' @392  2886 (b46)
 - public static final 'GL_DEPTH_RANGE' 'I' @396  2928 (b70)
 - public static final 'GL_DEPTH_TEST' 'I' @400  2929 (b71)
 - public static final 'GL_DEPTH_WRITEMASK' 'I' @404  2930 (b72)
 - public static final 'GL_DEPTH_CLEAR_VALUE' 'I' @408  2931 (b73)
 - public static final 'GL_DEPTH_FUNC' 'I' @412  2932 (b74)
 - public static final 'GL_STENCIL_TEST' 'I' @416  2960 (b90)
 - public static final 'GL_STENCIL_CLEAR_VALUE' 'I' @420  2961 (b91)
 - public static final 'GL_STENCIL_FUNC' 'I' @424  2962 (b92)
 - public static final 'GL_STENCIL_VALUE_MASK' 'I' @428  2963 (b93)
 - public static final 'GL_STENCIL_FAIL' 'I' @432  2964 (b94)
 - public static final 'GL_STENCIL_PASS_DEPTH_FAIL' 'I' @436  2965 (b95)
 - public static final 'GL_STENCIL_PASS_DEPTH_PASS' 'I' @440  2966 (b96)
 - public static final 'GL_STENCIL_REF' 'I' @444  2967 (b97)
 - public static final 'GL_STENCIL_WRITEMASK' 'I' @448  2968 (b98)
 - public static final 'GL_VIEWPORT' 'I' @452  2978 (ba2)
 - public static final 'GL_DITHER' 'I' @456  3024 (bd0)
 - public static final 'GL_BLEND_DST' 'I' @460  3040 (be0)
 - public static final 'GL_BLEND_SRC' 'I' @464  3041 (be1)
 - public static final 'GL_BLEND' 'I' @468  3042 (be2)
 - public static final 'GL_LOGIC_OP_MODE' 'I' @472  3056 (bf0)
 - public static final 'GL_COLOR_LOGIC_OP' 'I' @476  3058 (bf2)
 - public static final 'GL_DRAW_BUFFER' 'I' @480  3073 (c01)
 - public static final 'GL_READ_BUFFER' 'I' @484  3074 (c02)
 - public static final 'GL_SCISSOR_BOX' 'I' @488  3088 (c10)
 - public static final 'GL_SCISSOR_TEST' 'I' @492  3089 (c11)
 - public static final 'GL_COLOR_CLEAR_VALUE' 'I' @496  3106 (c22)
 - public static final 'GL_COLOR_WRITEMASK' 'I' @500  3107 (c23)
 - public static final 'GL_DOUBLEBUFFER' 'I' @504  3122 (c32)
 - public static final 'GL_STEREO' 'I' @508  3123 (c33)
 - public static final 'GL_LINE_SMOOTH_HINT' 'I' @512  3154 (c52)
 - public static final 'GL_POLYGON_SMOOTH_HINT' 'I' @516  3155 (c53)
 - public static final 'GL_UNPACK_SWAP_BYTES' 'I' @520  3312 (cf0)
 - public static final 'GL_UNPACK_LSB_FIRST' 'I' @524  3313 (cf1)
 - public static final 'GL_UNPACK_ROW_LENGTH' 'I' @528  3314 (cf2)
 - public static final 'GL_UNPACK_SKIP_ROWS' 'I' @532  3315 (cf3)
 - public static final 'GL_UNPACK_SKIP_PIXELS' 'I' @536  3316 (cf4)
 - public static final 'GL_UNPACK_ALIGNMENT' 'I' @540  3317 (cf5)
 - public static final 'GL_PACK_SWAP_BYTES' 'I' @544  3328 (d00)
 - public static final 'GL_PACK_LSB_FIRST' 'I' @548  3329 (d01)
 - public static final 'GL_PACK_ROW_LENGTH' 'I' @552  3330 (d02)
 - public static final 'GL_PACK_SKIP_ROWS' 'I' @556  3331 (d03)
 - public static final 'GL_PACK_SKIP_PIXELS' 'I' @560  3332 (d04)
 - public static final 'GL_PACK_ALIGNMENT' 'I' @564  3333 (d05)
 - public static final 'GL_MAX_TEXTURE_SIZE' 'I' @568  3379 (d33)
 - public static final 'GL_MAX_VIEWPORT_DIMS' 'I' @572  3386 (d3a)
 - public static final 'GL_SUBPIXEL_BITS' 'I' @576  3408 (d50)
 - public static final 'GL_TEXTURE_1D' 'I' @580  3552 (de0)
 - public static final 'GL_TEXTURE_2D' 'I' @584  3553 (de1)
 - public static final 'GL_TEXTURE_WIDTH' 'I' @588  4096 (1000)
 - public static final 'GL_TEXTURE_HEIGHT' 'I' @592  4097 (1001)
 - public static final 'GL_TEXTURE_INTERNAL_FORMAT' 'I' @596  4099 (1003)
 - public static final 'GL_TEXTURE_BORDER_COLOR' 'I' @600  4100 (1004)
 - public static final 'GL_DONT_CARE' 'I' @604  4352 (1100)
 - public static final 'GL_FASTEST' 'I' @608  4353 (1101)
 - public static final 'GL_NICEST' 'I' @612  4354 (1102)
 - public static final 'GL_CLEAR' 'I' @616  5376 (1500)
 - public static final 'GL_AND' 'I' @620  5377 (1501)
 - public static final 'GL_AND_REVERSE' 'I' @624  5378 (1502)
 - public static final 'GL_COPY' 'I' @628  5379 (1503)
 - public static final 'GL_AND_INVERTED' 'I' @632  5380 (1504)
 - public static final 'GL_NOOP' 'I' @636  5381 (1505)
 - public static final 'GL_XOR' 'I' @640  5382 (1506)
 - public static final 'GL_OR' 'I' @644  5383 (1507)
 - public static final 'GL_NOR' 'I' @648  5384 (1508)
 - public static final 'GL_EQUIV' 'I' @652  5385 (1509)
 - public static final 'GL_INVERT' 'I' @656  5386 (150a)
 - public static final 'GL_OR_REVERSE' 'I' @660  5387 (150b)
 - public static final 'GL_COPY_INVERTED' 'I' @664  5388 (150c)
 - public static final 'GL_OR_INVERTED' 'I' @668  5389 (150d)
 - public static final 'GL_NAND' 'I' @672  5390 (150e)
 - public static final 'GL_SET' 'I' @676  5391 (150f)
 - public static final 'GL_TEXTURE' 'I' @680  5890 (1702)
 - public static final 'GL_COLOR' 'I' @684  6144 (1800)
 - public static final 'GL_DEPTH' 'I' @688  6145 (1801)
 - public static final 'GL_STENCIL' 'I' @692  6146 (1802)
 - public static final 'GL_STENCIL_INDEX' 'I' @696  6401 (1901)
 - public static final 'GL_DEPTH_COMPONENT' 'I' @700  6402 (1902)
 - public static final 'GL_RED' 'I' @704  6403 (1903)
 - public static final 'GL_GREEN' 'I' @708  6404 (1904)
 - public static final 'GL_BLUE' 'I' @712  6405 (1905)
 - public static final 'GL_ALPHA' 'I' @716  6406 (1906)
 - public static final 'GL_RGB' 'I' @720  6407 (1907)
 - public static final 'GL_RGBA' 'I' @724  6408 (1908)
 - public static final 'GL_POINT' 'I' @728  6912 (1b00)
 - public static final 'GL_LINE' 'I' @732  6913 (1b01)
 - public static final 'GL_FILL' 'I' @736  6914 (1b02)
 - public static final 'GL_KEEP' 'I' @740  7680 (1e00)
 - public static final 'GL_REPLACE' 'I' @744  7681 (1e01)
 - public static final 'GL_INCR' 'I' @748  7682 (1e02)
 - public static final 'GL_DECR' 'I' @752  7683 (1e03)
 - public static final 'GL_VENDOR' 'I' @756  7936 (1f00)
 - public static final 'GL_RENDERER' 'I' @760  7937 (1f01)
 - public static final 'GL_VERSION' 'I' @764  7938 (1f02)
 - public static final 'GL_EXTENSIONS' 'I' @768  7939 (1f03)
 - public static final 'GL_NEAREST' 'I' @772  9728 (2600)
 - public static final 'GL_LINEAR' 'I' @776  9729 (2601)
 - public static final 'GL_NEAREST_MIPMAP_NEAREST' 'I' @780  9984 (2700)
 - public static final 'GL_LINEAR_MIPMAP_NEAREST' 'I' @784  9985 (2701)
 - public static final 'GL_NEAREST_MIPMAP_LINEAR' 'I' @788  9986 (2702)
 - public static final 'GL_LINEAR_MIPMAP_LINEAR' 'I' @792  9987 (2703)
 - public static final 'GL_TEXTURE_MAG_FILTER' 'I' @796  10240 (2800)
 - public static final 'GL_TEXTURE_MIN_FILTER' 'I' @800  10241 (2801)
 - public static final 'GL_TEXTURE_WRAP_S' 'I' @804  10242 (2802)
 - public static final 'GL_TEXTURE_WRAP_T' 'I' @808  10243 (2803)
 - public static final 'GL_REPEAT' 'I' @812  10497 (2901)
 - public static final 'GL_POLYGON_OFFSET_FACTOR' 'I' @816  32824 (8038)
 - public static final 'GL_POLYGON_OFFSET_UNITS' 'I' @820  10752 (2a00)
 - public static final 'GL_POLYGON_OFFSET_POINT' 'I' @824  10753 (2a01)
 - public static final 'GL_POLYGON_OFFSET_LINE' 'I' @828  10754 (2a02)
 - public static final 'GL_POLYGON_OFFSET_FILL' 'I' @832  32823 (8037)
 - public static final 'GL_R3_G3_B2' 'I' @836  10768 (2a10)
 - public static final 'GL_RGB4' 'I' @840  32847 (804f)
 - public static final 'GL_RGB5' 'I' @844  32848 (8050)
 - public static final 'GL_RGB8' 'I' @848  32849 (8051)
 - public static final 'GL_RGB10' 'I' @852  32850 (8052)
 - public static final 'GL_RGB12' 'I' @856  32851 (8053)
 - public static final 'GL_RGB16' 'I' @860  32852 (8054)
 - public static final 'GL_RGBA2' 'I' @864  32853 (8055)
 - public static final 'GL_RGBA4' 'I' @868  32854 (8056)
 - public static final 'GL_RGB5_A1' 'I' @872  32855 (8057)
 - public static final 'GL_RGBA8' 'I' @876  32856 (8058)
 - public static final 'GL_RGB10_A2' 'I' @880  32857 (8059)
 - public static final 'GL_RGBA12' 'I' @884  32858 (805a)
 - public static final 'GL_RGBA16' 'I' @888  32859 (805b)
 - public static final 'GL_TEXTURE_RED_SIZE' 'I' @892  32860 (805c)
 - public static final 'GL_TEXTURE_GREEN_SIZE' 'I' @896  32861 (805d)
 - public static final 'GL_TEXTURE_BLUE_SIZE' 'I' @900  32862 (805e)
 - public static final 'GL_TEXTURE_ALPHA_SIZE' 'I' @904  32863 (805f)
 - public static final 'GL_PROXY_TEXTURE_1D' 'I' @908  32867 (8063)
 - public static final 'GL_PROXY_TEXTURE_2D' 'I' @912  32868 (8064)
 - public static final 'GL_TEXTURE_BINDING_1D' 'I' @916  32872 (8068)
 - public static final 'GL_TEXTURE_BINDING_2D' 'I' @920  32873 (8069)
 - public static final 'GL_VERTEX_ARRAY' 'I' @924  32884 (8074)
R12=0x0 is NULL
R13={method} {0x0000029ccc538ef8} 'nglGetString' '(I)J' in 'org/lwjgl/opengl/GL11C'
R14=0x000000de91dff1c8 is pointing into the stack for thread: 0x0000029c9e8af040
R15=0x0000029c9e8af040 is a thread


Registers:
RAX=0x0000029ccd50a5b0, RBX=0x0000029ccc538ef0, RCX=0x0000000000000000, RDX=0x000000de91dff1b8
RSP=0x000000de91dff128, RBP=0x000000de91dff1a8, RSI=0x0000000000000000, RDI=0x0000000000000000
R8 =0x0000000000001f02, R9 =0x0000000000000002, R10=0x0000029ca638d5f2, R11=0x000000062164ba40
R12=0x0000000000000000, R13=0x0000029ccc538ef0, R14=0x000000de91dff1c8, R15=0x0000029c9e8af040
RIP=0x00007ffcbc8ac747, EFLAGS=0x0000000000010206

Top of Stack: (sp=0x000000de91dff128)
0x000000de91dff128:   0000029ca638d621 0000029ccc538ef0
0x000000de91dff138:   0000000000000000 0000029ccc538400
0x000000de91dff148:   0000029c9e8af040 0000029c9e8af040
0x000000de91dff158:   0000029ca638d2f6 000000de91dff160
0x000000de91dff168:   0000029ccc538ef0 000000de91dff1c8
0x000000de91dff178:   0000029ccc548558 0000000000000000
0x000000de91dff188:   000000062164ba40 0000029ccc538ef0
0x000000de91dff198:   0000000000000000 000000de91dff1c8
0x000000de91dff1a8:   000000de91dff218 0000029ca63895cd
0x000000de91dff1b8:   000000062164ba40 0000029ca638af77
0x000000de91dff1c8:   0000000000001f02 000000de91dff1d0
0x000000de91dff1d8:   0000029ccc538f89 000000de91dff238
0x000000de91dff1e8:   0000029ccc548558 0000000000000000
0x000000de91dff1f8:   000000062164ba40 0000029ccc538400
0x000000de91dff208:   000000de91dff1c8 000000de91dff238
0x000000de91dff218:   000000de91dff288 0000029ca6389657 

Instructions: (pc=0x00007ffcbc8ac747)
0x00007ffcbc8ac647:   8b c8 4c 8b 50 18 49 ff a2 d8 02 00 00 cc cc cc
0x00007ffcbc8ac657:   cc cc cc cc cc cc cc cc cc 48 8b 01 49 8b d1 41
0x00007ffcbc8ac667:   8b c8 4c 8b 50 18 49 ff a2 e0 02 00 00 cc cc cc
0x00007ffcbc8ac677:   cc cc cc cc cc cc cc cc cc 48 8b 01 49 8b d1 41
0x00007ffcbc8ac687:   8b c8 4c 8b 50 18 49 ff a2 f0 02 00 00 cc cc cc
0x00007ffcbc8ac697:   cc cc cc cc cc cc cc cc cc 48 8b 01 49 8b d1 41
0x00007ffcbc8ac6a7:   8b c8 4c 8b 50 18 49 ff a2 f8 02 00 00 cc cc cc
0x00007ffcbc8ac6b7:   cc cc cc cc cc cc cc cc cc 48 8b 01 49 8b d1 41
0x00007ffcbc8ac6c7:   8b c8 4c 8b 50 18 49 ff a2 00 03 00 00 cc cc cc
0x00007ffcbc8ac6d7:   cc cc cc cc cc cc cc cc cc 48 8b 01 49 8b d1 41
0x00007ffcbc8ac6e7:   8b c8 4c 8b 50 18 49 ff a2 08 03 00 00 cc cc cc
0x00007ffcbc8ac6f7:   cc cc cc cc cc cc cc cc cc 48 8b 01 48 8b 48 18
0x00007ffcbc8ac707:   48 8b 81 10 03 00 00 48 ff e0 cc cc cc cc cc cc
0x00007ffcbc8ac717:   cc cc cc cc cc cc cc cc cc 48 8b 01 49 8b d1 41
0x00007ffcbc8ac727:   8b c8 4c 8b 50 18 49 ff a2 68 03 00 00 cc cc cc
0x00007ffcbc8ac737:   cc cc cc cc cc cc cc cc cc 48 8b 01 48 8b 48 18
0x00007ffcbc8ac747:   48 8b 81 78 03 00 00 41 8b c8 48 ff e0 cc cc cc
0x00007ffcbc8ac757:   cc cc cc cc cc cc cc cc cc 40 53 48 8b 01 41 8b
0x00007ffcbc8ac767:   d8 44 8b 44 24 30 41 8b d1 44 8b 4c 24 38 8b cb
0x00007ffcbc8ac777:   4c 8b 50 18 48 8b 44 24 40 48 89 44 24 30 5b 49
0x00007ffcbc8ac787:   ff a2 a8 03 00 00 cc cc cc 40 53 48 8b 01 41 8b
0x00007ffcbc8ac797:   d8 44 8b 44 24 30 41 8b d1 4c 8b 4c 24 38 8b cb
0x00007ffcbc8ac7a7:   4c 8b 50 18 5b 49 ff a2 b0 03 00 00 cc cc cc cc
0x00007ffcbc8ac7b7:   cc cc cc cc cc cc cc cc cc 40 53 48 8b 01 41 8b
0x00007ffcbc8ac7c7:   d8 44 8b 44 24 30 41 8b d1 4c 8b 4c 24 38 8b cb
0x00007ffcbc8ac7d7:   4c 8b 50 18 5b 49 ff a2 b8 03 00 00 cc cc cc cc
0x00007ffcbc8ac7e7:   cc cc cc cc cc cc cc cc cc 48 8b 01 45 8b d8 4c
0x00007ffcbc8ac7f7:   8b 44 24 28 41 8b d1 41 8b cb 4c 8b 50 18 49 ff
0x00007ffcbc8ac807:   a2 c0 03 00 00 cc cc cc cc 48 8b 01 45 8b d8 4c
0x00007ffcbc8ac817:   8b 44 24 28 41 8b d1 41 8b cb 4c 8b 50 18 49 ff
0x00007ffcbc8ac827:   a2 c8 03 00 00 cc cc cc cc 48 8b 01 41 8b d1 41
0x00007ffcbc8ac837:   8b c8 4c 8b 50 18 49 ff a2 d0 03 00 00 cc cc cc 


Stack slot to memory mapping:
stack at sp + 0 slots: 0x0000029ca638d621 is at code_begin+993 in an Interpreter codelet
method entry point (kind = native)  [0x0000029ca638d240, 0x0000029ca638dbc0]  2432 bytes
stack at sp + 1 slots: {method} {0x0000029ccc538ef8} 'nglGetString' '(I)J' in 'org/lwjgl/opengl/GL11C'
stack at sp + 2 slots: 0x0 is NULL
stack at sp + 3 slots: {method} {0x0000029ccc538408} 'glGetString' '(I)Ljava/lang/String;' in 'org/lwjgl/opengl/GL11C'
stack at sp + 4 slots: 0x0000029c9e8af040 is a thread
stack at sp + 5 slots: 0x0000029c9e8af040 is a thread
stack at sp + 6 slots: 0x0000029ca638d2f6 is at code_begin+182 in an Interpreter codelet
method entry point (kind = native)  [0x0000029ca638d240, 0x0000029ca638dbc0]  2432 bytes
stack at sp + 7 slots: 0x000000de91dff160 is pointing into the stack for thread: 0x0000029c9e8af040


---------------  P R O C E S S  ---------------

Threads class SMR info:
_java_thread_list=0x0000029ccd64d3f0, length=13, elements={
0x0000029c9e8af040, 0x0000029cc8d4c420, 0x0000029cc8d4cfd0, 0x0000029cc8d5d190,
0x0000029cc8d5dc40, 0x0000029cc8d5f600, 0x0000029cc8d634b0, 0x0000029cc8d694c0,
0x0000029cc8d73e90, 0x0000029cc8d7cf60, 0x0000029ccbbd0640, 0x0000029ccbcf9ad0,
0x0000029ccbcfb2e0
}

Java Threads: ( => current thread )
=>0x0000029c9e8af040 JavaThread "main" [_thread_in_native, id=14100, stack(0x000000de91d00000,0x000000de91e00000)]
  0x0000029cc8d4c420 JavaThread "Reference Handler" daemon [_thread_blocked, id=3004, stack(0x000000de92400000,0x000000de92500000)]
  0x0000029cc8d4cfd0 JavaThread "Finalizer" daemon [_thread_blocked, id=19084, stack(0x000000de92500000,0x000000de92600000)]
  0x0000029cc8d5d190 JavaThread "Signal Dispatcher" daemon [_thread_blocked, id=20644, stack(0x000000de92600000,0x000000de92700000)]
  0x0000029cc8d5dc40 JavaThread "Attach Listener" daemon [_thread_blocked, id=17576, stack(0x000000de92700000,0x000000de92800000)]
  0x0000029cc8d5f600 JavaThread "Service Thread" daemon [_thread_blocked, id=8972, stack(0x000000de92800000,0x000000de92900000)]
  0x0000029cc8d634b0 JavaThread "Monitor Deflation Thread" daemon [_thread_blocked, id=10572, stack(0x000000de92900000,0x000000de92a00000)]
  0x0000029cc8d694c0 JavaThread "C2 CompilerThread0" daemon [_thread_in_native, id=14276, stack(0x000000de92a00000,0x000000de92b00000)]
  0x0000029cc8d73e90 JavaThread "C1 CompilerThread0" daemon [_thread_blocked, id=23720, stack(0x000000de92b00000,0x000000de92c00000)]
  0x0000029cc8d7cf60 JavaThread "Sweeper thread" daemon [_thread_blocked, id=18388, stack(0x000000de92c00000,0x000000de92d00000)]
  0x0000029ccbbd0640 JavaThread "C1 CompilerThread1" daemon [_thread_blocked, id=23024, stack(0x000000de92d00000,0x000000de92e00000)]
  0x0000029ccbcf9ad0 JavaThread "Notification Thread" daemon [_thread_blocked, id=7908, stack(0x000000de92e00000,0x000000de92f00000)]
  0x0000029ccbcfb2e0 JavaThread "Common-Cleaner" daemon [_thread_blocked, id=20564, stack(0x000000de93000000,0x000000de93100000)]

Other Threads:
  0x0000029cc8d47980 VMThread "VM Thread" [stack: 0x000000de92300000,0x000000de92400000] [id=9852]
  0x0000029cc8ba99a0 WatcherThread [stack: 0x000000de92f00000,0x000000de93000000] [id=21176]
  0x0000029c9e95e1d0 GCTaskThread "GC Thread#0" [stack: 0x000000de91e00000,0x000000de91f00000] [id=11928]
  0x0000029cc8b90320 ConcurrentGCThread "G1 Main Marker" [stack: 0x000000de91f00000,0x000000de92000000] [id=9388]
  0x0000029cc8b913e0 ConcurrentGCThread "G1 Conc#0" [stack: 0x000000de92000000,0x000000de92100000] [id=19588]
  0x0000029cc8c7e150 ConcurrentGCThread "G1 Refine#0" [stack: 0x000000de92100000,0x000000de92200000] [id=13396]
  0x0000029cc8c7fa20 ConcurrentGCThread "G1 Service" [stack: 0x000000de92200000,0x000000de92300000] [id=19888]

Threads with active compile tasks:
C2 CompilerThread0      557  728   !   4       jdk.internal.loader.URLClassPath$JarLoader::ensureOpen (36 bytes)

VM state: not at safepoint (normal execution)

VM Mutex/Monitor currently owned by a thread: None

Heap address: 0x0000000602400000, size: 8156 MB, Compressed Oops mode: Zero based, Oop shift amount: 3

CDS archive(s) mapped at: [0x0000000800000000-0x0000000800bc0000-0x0000000800bc0000), size 12320768, SharedBaseAddress: 0x0000000800000000, ArchiveRelocationMode: 0.
Compressed class space mapped at: 0x0000000800c00000-0x0000000840c00000, reserved size: 1073741824
Narrow klass base: 0x0000000800000000, Narrow klass shift: 0, Narrow klass range: 0x100000000

GC Precious Log:
 CPUs: 16 total, 16 available
 Memory: 32622M
 Large Page Support: Disabled
 NUMA Support: Disabled
 Compressed Oops: Enabled (Zero based)
 Heap Region Size: 4M
 Heap Min Capacity: 8M
 Heap Initial Capacity: 512M
 Heap Max Capacity: 8156M
 Pre-touch: Disabled
 Parallel Workers: 13
 Concurrent Workers: 3
 Concurrent Refinement Workers: 13
 Periodic GC: Disabled

Heap:
 garbage-first heap   total 524288K, used 12288K [0x0000000602400000, 0x0000000800000000)
  region size 4096K, 4 young (16384K), 0 survivors (0K)
 Metaspace       used 2698K, committed 2880K, reserved 1056768K
  class space    used 168K, committed 256K, reserved 1048576K

Heap Regions: E=young(eden), S=young(survivor), O=old, HS=humongous(starts), HC=humongous(continues), CS=collection set, F=free, OA=open archive, CA=closed archive, TAMS=top-at-mark-start (previous, next)
|   0|0x0000000602400000, 0x0000000602400000, 0x0000000602800000|  0%| F|  |TAMS 0x0000000602400000, 0x0000000602400000| Untracked 
|   1|0x0000000602800000, 0x0000000602800000, 0x0000000602c00000|  0%| F|  |TAMS 0x0000000602800000, 0x0000000602800000| Untracked 
|   2|0x0000000602c00000, 0x0000000602c00000, 0x0000000603000000|  0%| F|  |TAMS 0x0000000602c00000, 0x0000000602c00000| Untracked 
|   3|0x0000000603000000, 0x0000000603000000, 0x0000000603400000|  0%| F|  |TAMS 0x0000000603000000, 0x0000000603000000| Untracked 
|   4|0x0000000603400000, 0x0000000603400000, 0x0000000603800000|  0%| F|  |TAMS 0x0000000603400000, 0x0000000603400000| Untracked 
|   5|0x0000000603800000, 0x0000000603800000, 0x0000000603c00000|  0%| F|  |TAMS 0x0000000603800000, 0x0000000603800000| Untracked 
|   6|0x0000000603c00000, 0x0000000603c00000, 0x0000000604000000|  0%| F|  |TAMS 0x0000000603c00000, 0x0000000603c00000| Untracked 
|   7|0x0000000604000000, 0x0000000604000000, 0x0000000604400000|  0%| F|  |TAMS 0x0000000604000000, 0x0000000604000000| Untracked 
|   8|0x0000000604400000, 0x0000000604400000, 0x0000000604800000|  0%| F|  |TAMS 0x0000000604400000, 0x0000000604400000| Untracked 
|   9|0x0000000604800000, 0x0000000604800000, 0x0000000604c00000|  0%| F|  |TAMS 0x0000000604800000, 0x0000000604800000| Untracked 
|  10|0x0000000604c00000, 0x0000000604c00000, 0x0000000605000000|  0%| F|  |TAMS 0x0000000604c00000, 0x0000000604c00000| Untracked 
|  11|0x0000000605000000, 0x0000000605000000, 0x0000000605400000|  0%| F|  |TAMS 0x0000000605000000, 0x0000000605000000| Untracked 
|  12|0x0000000605400000, 0x0000000605400000, 0x0000000605800000|  0%| F|  |TAMS 0x0000000605400000, 0x0000000605400000| Untracked 
|  13|0x0000000605800000, 0x0000000605800000, 0x0000000605c00000|  0%| F|  |TAMS 0x0000000605800000, 0x0000000605800000| Untracked 
|  14|0x0000000605c00000, 0x0000000605c00000, 0x0000000606000000|  0%| F|  |TAMS 0x0000000605c00000, 0x0000000605c00000| Untracked 
|  15|0x0000000606000000, 0x0000000606000000, 0x0000000606400000|  0%| F|  |TAMS 0x0000000606000000, 0x0000000606000000| Untracked 
|  16|0x0000000606400000, 0x0000000606400000, 0x0000000606800000|  0%| F|  |TAMS 0x0000000606400000, 0x0000000606400000| Untracked 
|  17|0x0000000606800000, 0x0000000606800000, 0x0000000606c00000|  0%| F|  |TAMS 0x0000000606800000, 0x0000000606800000| Untracked 
|  18|0x0000000606c00000, 0x0000000606c00000, 0x0000000607000000|  0%| F|  |TAMS 0x0000000606c00000, 0x0000000606c00000| Untracked 
|  19|0x0000000607000000, 0x0000000607000000, 0x0000000607400000|  0%| F|  |TAMS 0x0000000607000000, 0x0000000607000000| Untracked 
|  20|0x0000000607400000, 0x0000000607400000, 0x0000000607800000|  0%| F|  |TAMS 0x0000000607400000, 0x0000000607400000| Untracked 
|  21|0x0000000607800000, 0x0000000607800000, 0x0000000607c00000|  0%| F|  |TAMS 0x0000000607800000, 0x0000000607800000| Untracked 
|  22|0x0000000607c00000, 0x0000000607c00000, 0x0000000608000000|  0%| F|  |TAMS 0x0000000607c00000, 0x0000000607c00000| Untracked 
|  23|0x0000000608000000, 0x0000000608000000, 0x0000000608400000|  0%| F|  |TAMS 0x0000000608000000, 0x0000000608000000| Untracked 
|  24|0x0000000608400000, 0x0000000608400000, 0x0000000608800000|  0%| F|  |TAMS 0x0000000608400000, 0x0000000608400000| Untracked 
|  25|0x0000000608800000, 0x0000000608800000, 0x0000000608c00000|  0%| F|  |TAMS 0x0000000608800000, 0x0000000608800000| Untracked 
|  26|0x0000000608c00000, 0x0000000608c00000, 0x0000000609000000|  0%| F|  |TAMS 0x0000000608c00000, 0x0000000608c00000| Untracked 
|  27|0x0000000609000000, 0x0000000609000000, 0x0000000609400000|  0%| F|  |TAMS 0x0000000609000000, 0x0000000609000000| Untracked 
|  28|0x0000000609400000, 0x0000000609400000, 0x0000000609800000|  0%| F|  |TAMS 0x0000000609400000, 0x0000000609400000| Untracked 
|  29|0x0000000609800000, 0x0000000609800000, 0x0000000609c00000|  0%| F|  |TAMS 0x0000000609800000, 0x0000000609800000| Untracked 
|  30|0x0000000609c00000, 0x0000000609c00000, 0x000000060a000000|  0%| F|  |TAMS 0x0000000609c00000, 0x0000000609c00000| Untracked 
|  31|0x000000060a000000, 0x000000060a000000, 0x000000060a400000|  0%| F|  |TAMS 0x000000060a000000, 0x000000060a000000| Untracked 
|  32|0x000000060a400000, 0x000000060a400000, 0x000000060a800000|  0%| F|  |TAMS 0x000000060a400000, 0x000000060a400000| Untracked 
|  33|0x000000060a800000, 0x000000060a800000, 0x000000060ac00000|  0%| F|  |TAMS 0x000000060a800000, 0x000000060a800000| Untracked 
|  34|0x000000060ac00000, 0x000000060ac00000, 0x000000060b000000|  0%| F|  |TAMS 0x000000060ac00000, 0x000000060ac00000| Untracked 
|  35|0x000000060b000000, 0x000000060b000000, 0x000000060b400000|  0%| F|  |TAMS 0x000000060b000000, 0x000000060b000000| Untracked 
|  36|0x000000060b400000, 0x000000060b400000, 0x000000060b800000|  0%| F|  |TAMS 0x000000060b400000, 0x000000060b400000| Untracked 
|  37|0x000000060b800000, 0x000000060b800000, 0x000000060bc00000|  0%| F|  |TAMS 0x000000060b800000, 0x000000060b800000| Untracked 
|  38|0x000000060bc00000, 0x000000060bc00000, 0x000000060c000000|  0%| F|  |TAMS 0x000000060bc00000, 0x000000060bc00000| Untracked 
|  39|0x000000060c000000, 0x000000060c000000, 0x000000060c400000|  0%| F|  |TAMS 0x000000060c000000, 0x000000060c000000| Untracked 
|  40|0x000000060c400000, 0x000000060c400000, 0x000000060c800000|  0%| F|  |TAMS 0x000000060c400000, 0x000000060c400000| Untracked 
|  41|0x000000060c800000, 0x000000060c800000, 0x000000060cc00000|  0%| F|  |TAMS 0x000000060c800000, 0x000000060c800000| Untracked 
|  42|0x000000060cc00000, 0x000000060cc00000, 0x000000060d000000|  0%| F|  |TAMS 0x000000060cc00000, 0x000000060cc00000| Untracked 
|  43|0x000000060d000000, 0x000000060d000000, 0x000000060d400000|  0%| F|  |TAMS 0x000000060d000000, 0x000000060d000000| Untracked 
|  44|0x000000060d400000, 0x000000060d400000, 0x000000060d800000|  0%| F|  |TAMS 0x000000060d400000, 0x000000060d400000| Untracked 
|  45|0x000000060d800000, 0x000000060d800000, 0x000000060dc00000|  0%| F|  |TAMS 0x000000060d800000, 0x000000060d800000| Untracked 
|  46|0x000000060dc00000, 0x000000060dc00000, 0x000000060e000000|  0%| F|  |TAMS 0x000000060dc00000, 0x000000060dc00000| Untracked 
|  47|0x000000060e000000, 0x000000060e000000, 0x000000060e400000|  0%| F|  |TAMS 0x000000060e000000, 0x000000060e000000| Untracked 
|  48|0x000000060e400000, 0x000000060e400000, 0x000000060e800000|  0%| F|  |TAMS 0x000000060e400000, 0x000000060e400000| Untracked 
|  49|0x000000060e800000, 0x000000060e800000, 0x000000060ec00000|  0%| F|  |TAMS 0x000000060e800000, 0x000000060e800000| Untracked 
|  50|0x000000060ec00000, 0x000000060ec00000, 0x000000060f000000|  0%| F|  |TAMS 0x000000060ec00000, 0x000000060ec00000| Untracked 
|  51|0x000000060f000000, 0x000000060f000000, 0x000000060f400000|  0%| F|  |TAMS 0x000000060f000000, 0x000000060f000000| Untracked 
|  52|0x000000060f400000, 0x000000060f400000, 0x000000060f800000|  0%| F|  |TAMS 0x000000060f400000, 0x000000060f400000| Untracked 
|  53|0x000000060f800000, 0x000000060f800000, 0x000000060fc00000|  0%| F|  |TAMS 0x000000060f800000, 0x000000060f800000| Untracked 
|  54|0x000000060fc00000, 0x000000060fc00000, 0x0000000610000000|  0%| F|  |TAMS 0x000000060fc00000, 0x000000060fc00000| Untracked 
|  55|0x0000000610000000, 0x0000000610000000, 0x0000000610400000|  0%| F|  |TAMS 0x0000000610000000, 0x0000000610000000| Untracked 
|  56|0x0000000610400000, 0x0000000610400000, 0x0000000610800000|  0%| F|  |TAMS 0x0000000610400000, 0x0000000610400000| Untracked 
|  57|0x0000000610800000, 0x0000000610800000, 0x0000000610c00000|  0%| F|  |TAMS 0x0000000610800000, 0x0000000610800000| Untracked 
|  58|0x0000000610c00000, 0x0000000610c00000, 0x0000000611000000|  0%| F|  |TAMS 0x0000000610c00000, 0x0000000610c00000| Untracked 
|  59|0x0000000611000000, 0x0000000611000000, 0x0000000611400000|  0%| F|  |TAMS 0x0000000611000000, 0x0000000611000000| Untracked 
|  60|0x0000000611400000, 0x0000000611400000, 0x0000000611800000|  0%| F|  |TAMS 0x0000000611400000, 0x0000000611400000| Untracked 
|  61|0x0000000611800000, 0x0000000611800000, 0x0000000611c00000|  0%| F|  |TAMS 0x0000000611800000, 0x0000000611800000| Untracked 
|  62|0x0000000611c00000, 0x0000000611c00000, 0x0000000612000000|  0%| F|  |TAMS 0x0000000611c00000, 0x0000000611c00000| Untracked 
|  63|0x0000000612000000, 0x0000000612000000, 0x0000000612400000|  0%| F|  |TAMS 0x0000000612000000, 0x0000000612000000| Untracked 
|  64|0x0000000612400000, 0x0000000612400000, 0x0000000612800000|  0%| F|  |TAMS 0x0000000612400000, 0x0000000612400000| Untracked 
|  65|0x0000000612800000, 0x0000000612800000, 0x0000000612c00000|  0%| F|  |TAMS 0x0000000612800000, 0x0000000612800000| Untracked 
|  66|0x0000000612c00000, 0x0000000612c00000, 0x0000000613000000|  0%| F|  |TAMS 0x0000000612c00000, 0x0000000612c00000| Untracked 
|  67|0x0000000613000000, 0x0000000613000000, 0x0000000613400000|  0%| F|  |TAMS 0x0000000613000000, 0x0000000613000000| Untracked 
|  68|0x0000000613400000, 0x0000000613400000, 0x0000000613800000|  0%| F|  |TAMS 0x0000000613400000, 0x0000000613400000| Untracked 
|  69|0x0000000613800000, 0x0000000613800000, 0x0000000613c00000|  0%| F|  |TAMS 0x0000000613800000, 0x0000000613800000| Untracked 
|  70|0x0000000613c00000, 0x0000000613c00000, 0x0000000614000000|  0%| F|  |TAMS 0x0000000613c00000, 0x0000000613c00000| Untracked 
|  71|0x0000000614000000, 0x0000000614000000, 0x0000000614400000|  0%| F|  |TAMS 0x0000000614000000, 0x0000000614000000| Untracked 
|  72|0x0000000614400000, 0x0000000614400000, 0x0000000614800000|  0%| F|  |TAMS 0x0000000614400000, 0x0000000614400000| Untracked 
|  73|0x0000000614800000, 0x0000000614800000, 0x0000000614c00000|  0%| F|  |TAMS 0x0000000614800000, 0x0000000614800000| Untracked 
|  74|0x0000000614c00000, 0x0000000614c00000, 0x0000000615000000|  0%| F|  |TAMS 0x0000000614c00000, 0x0000000614c00000| Untracked 
|  75|0x0000000615000000, 0x0000000615000000, 0x0000000615400000|  0%| F|  |TAMS 0x0000000615000000, 0x0000000615000000| Untracked 
|  76|0x0000000615400000, 0x0000000615400000, 0x0000000615800000|  0%| F|  |TAMS 0x0000000615400000, 0x0000000615400000| Untracked 
|  77|0x0000000615800000, 0x0000000615800000, 0x0000000615c00000|  0%| F|  |TAMS 0x0000000615800000, 0x0000000615800000| Untracked 
|  78|0x0000000615c00000, 0x0000000615c00000, 0x0000000616000000|  0%| F|  |TAMS 0x0000000615c00000, 0x0000000615c00000| Untracked 
|  79|0x0000000616000000, 0x0000000616000000, 0x0000000616400000|  0%| F|  |TAMS 0x0000000616000000, 0x0000000616000000| Untracked 
|  80|0x0000000616400000, 0x0000000616400000, 0x0000000616800000|  0%| F|  |TAMS 0x0000000616400000, 0x0000000616400000| Untracked 
|  81|0x0000000616800000, 0x0000000616800000, 0x0000000616c00000|  0%| F|  |TAMS 0x0000000616800000, 0x0000000616800000| Untracked 
|  82|0x0000000616c00000, 0x0000000616c00000, 0x0000000617000000|  0%| F|  |TAMS 0x0000000616c00000, 0x0000000616c00000| Untracked 
|  83|0x0000000617000000, 0x0000000617000000, 0x0000000617400000|  0%| F|  |TAMS 0x0000000617000000, 0x0000000617000000| Untracked 
|  84|0x0000000617400000, 0x0000000617400000, 0x0000000617800000|  0%| F|  |TAMS 0x0000000617400000, 0x0000000617400000| Untracked 
|  85|0x0000000617800000, 0x0000000617800000, 0x0000000617c00000|  0%| F|  |TAMS 0x0000000617800000, 0x0000000617800000| Untracked 
|  86|0x0000000617c00000, 0x0000000617c00000, 0x0000000618000000|  0%| F|  |TAMS 0x0000000617c00000, 0x0000000617c00000| Untracked 
|  87|0x0000000618000000, 0x0000000618000000, 0x0000000618400000|  0%| F|  |TAMS 0x0000000618000000, 0x0000000618000000| Untracked 
|  88|0x0000000618400000, 0x0000000618400000, 0x0000000618800000|  0%| F|  |TAMS 0x0000000618400000, 0x0000000618400000| Untracked 
|  89|0x0000000618800000, 0x0000000618800000, 0x0000000618c00000|  0%| F|  |TAMS 0x0000000618800000, 0x0000000618800000| Untracked 
|  90|0x0000000618c00000, 0x0000000618c00000, 0x0000000619000000|  0%| F|  |TAMS 0x0000000618c00000, 0x0000000618c00000| Untracked 
|  91|0x0000000619000000, 0x0000000619000000, 0x0000000619400000|  0%| F|  |TAMS 0x0000000619000000, 0x0000000619000000| Untracked 
|  92|0x0000000619400000, 0x0000000619400000, 0x0000000619800000|  0%| F|  |TAMS 0x0000000619400000, 0x0000000619400000| Untracked 
|  93|0x0000000619800000, 0x0000000619800000, 0x0000000619c00000|  0%| F|  |TAMS 0x0000000619800000, 0x0000000619800000| Untracked 
|  94|0x0000000619c00000, 0x0000000619c00000, 0x000000061a000000|  0%| F|  |TAMS 0x0000000619c00000, 0x0000000619c00000| Untracked 
|  95|0x000000061a000000, 0x000000061a000000, 0x000000061a400000|  0%| F|  |TAMS 0x000000061a000000, 0x000000061a000000| Untracked 
|  96|0x000000061a400000, 0x000000061a400000, 0x000000061a800000|  0%| F|  |TAMS 0x000000061a400000, 0x000000061a400000| Untracked 
|  97|0x000000061a800000, 0x000000061a800000, 0x000000061ac00000|  0%| F|  |TAMS 0x000000061a800000, 0x000000061a800000| Untracked 
|  98|0x000000061ac00000, 0x000000061ac00000, 0x000000061b000000|  0%| F|  |TAMS 0x000000061ac00000, 0x000000061ac00000| Untracked 
|  99|0x000000061b000000, 0x000000061b000000, 0x000000061b400000|  0%| F|  |TAMS 0x000000061b000000, 0x000000061b000000| Untracked 
| 100|0x000000061b400000, 0x000000061b400000, 0x000000061b800000|  0%| F|  |TAMS 0x000000061b400000, 0x000000061b400000| Untracked 
| 101|0x000000061b800000, 0x000000061b800000, 0x000000061bc00000|  0%| F|  |TAMS 0x000000061b800000, 0x000000061b800000| Untracked 
| 102|0x000000061bc00000, 0x000000061bc00000, 0x000000061c000000|  0%| F|  |TAMS 0x000000061bc00000, 0x000000061bc00000| Untracked 
| 103|0x000000061c000000, 0x000000061c000000, 0x000000061c400000|  0%| F|  |TAMS 0x000000061c000000, 0x000000061c000000| Untracked 
| 104|0x000000061c400000, 0x000000061c400000, 0x000000061c800000|  0%| F|  |TAMS 0x000000061c400000, 0x000000061c400000| Untracked 
| 105|0x000000061c800000, 0x000000061c800000, 0x000000061cc00000|  0%| F|  |TAMS 0x000000061c800000, 0x000000061c800000| Untracked 
| 106|0x000000061cc00000, 0x000000061cc00000, 0x000000061d000000|  0%| F|  |TAMS 0x000000061cc00000, 0x000000061cc00000| Untracked 
| 107|0x000000061d000000, 0x000000061d000000, 0x000000061d400000|  0%| F|  |TAMS 0x000000061d000000, 0x000000061d000000| Untracked 
| 108|0x000000061d400000, 0x000000061d400000, 0x000000061d800000|  0%| F|  |TAMS 0x000000061d400000, 0x000000061d400000| Untracked 
| 109|0x000000061d800000, 0x000000061d800000, 0x000000061dc00000|  0%| F|  |TAMS 0x000000061d800000, 0x000000061d800000| Untracked 
| 110|0x000000061dc00000, 0x000000061dc00000, 0x000000061e000000|  0%| F|  |TAMS 0x000000061dc00000, 0x000000061dc00000| Untracked 
| 111|0x000000061e000000, 0x000000061e000000, 0x000000061e400000|  0%| F|  |TAMS 0x000000061e000000, 0x000000061e000000| Untracked 
| 112|0x000000061e400000, 0x000000061e400000, 0x000000061e800000|  0%| F|  |TAMS 0x000000061e400000, 0x000000061e400000| Untracked 
| 113|0x000000061e800000, 0x000000061e800000, 0x000000061ec00000|  0%| F|  |TAMS 0x000000061e800000, 0x000000061e800000| Untracked 
| 114|0x000000061ec00000, 0x000000061ec00000, 0x000000061f000000|  0%| F|  |TAMS 0x000000061ec00000, 0x000000061ec00000| Untracked 
| 115|0x000000061f000000, 0x000000061f000000, 0x000000061f400000|  0%| F|  |TAMS 0x000000061f000000, 0x000000061f000000| Untracked 
| 116|0x000000061f400000, 0x000000061f400000, 0x000000061f800000|  0%| F|  |TAMS 0x000000061f400000, 0x000000061f400000| Untracked 
| 117|0x000000061f800000, 0x000000061f800000, 0x000000061fc00000|  0%| F|  |TAMS 0x000000061f800000, 0x000000061f800000| Untracked 
| 118|0x000000061fc00000, 0x000000061fc00000, 0x0000000620000000|  0%| F|  |TAMS 0x000000061fc00000, 0x000000061fc00000| Untracked 
| 119|0x0000000620000000, 0x0000000620000000, 0x0000000620400000|  0%| F|  |TAMS 0x0000000620000000, 0x0000000620000000| Untracked 
| 120|0x0000000620400000, 0x0000000620400000, 0x0000000620800000|  0%| F|  |TAMS 0x0000000620400000, 0x0000000620400000| Untracked 
| 121|0x0000000620800000, 0x0000000620800000, 0x0000000620c00000|  0%| F|  |TAMS 0x0000000620800000, 0x0000000620800000| Untracked 
| 122|0x0000000620c00000, 0x0000000620c00000, 0x0000000621000000|  0%| F|  |TAMS 0x0000000620c00000, 0x0000000620c00000| Untracked 
| 123|0x0000000621000000, 0x0000000621000000, 0x0000000621400000|  0%| F|  |TAMS 0x0000000621000000, 0x0000000621000000| Untracked 
| 124|0x0000000621400000, 0x0000000621675800, 0x0000000621800000| 61%| E|  |TAMS 0x0000000621400000, 0x0000000621400000| Complete 
| 125|0x0000000621800000, 0x0000000621c00000, 0x0000000621c00000|100%| E|CS|TAMS 0x0000000621800000, 0x0000000621800000| Complete 
| 126|0x0000000621c00000, 0x0000000622000000, 0x0000000622000000|100%| E|CS|TAMS 0x0000000621c00000, 0x0000000621c00000| Complete 
| 127|0x0000000622000000, 0x0000000622400000, 0x0000000622400000|100%| E|CS|TAMS 0x0000000622000000, 0x0000000622000000| Complete 

Card table byte_map: [0x0000029cb6bf0000,0x0000029cb7be0000] _byte_map_base: 0x0000029cb3bde000

Marking Bits (Prev, Next): (CMBitMap*) 0x0000029c9e95e7e0, (CMBitMap*) 0x0000029c9e95e820
 Prev Bits: [0x0000029cb8bd0000, 0x0000029cc0b40000)
 Next Bits: [0x0000029cc0b40000, 0x0000029cc8ab0000)

Polling page: 0x0000029c9c8a0000

Metaspace:

Usage:
  Non-class:      2.47 MB used.
      Class:    168.08 KB used.
       Both:      2.63 MB used.

Virtual space:
  Non-class space:        8.00 MB reserved,       2.56 MB ( 32%) committed,  1 nodes.
      Class space:        1.00 GB reserved,     256.00 KB ( <1%) committed,  1 nodes.
             Both:        1.01 GB reserved,       2.81 MB ( <1%) committed. 

Chunk freelists:
   Non-Class:  2.70 MB
       Class:  3.64 MB
        Both:  6.34 MB

MaxMetaspaceSize: unlimited
CompressedClassSpaceSize: 1.00 GB
Initial GC threshold: 21.00 MB
Current GC threshold: 21.00 MB
CDS: on
MetaspaceReclaimPolicy: balanced
 - commit_granule_bytes: 65536.
 - commit_granule_words: 8192.
 - virtual_space_node_default_size: 1048576.
 - enlarge_chunks_in_place: 1.
 - new_chunks_are_fully_committed: 0.
 - uncommit_free_chunks: 1.
 - use_allocation_guard: 0.
 - handle_deallocations: 1.


Internal statistics:

num_allocs_failed_limit: 0.
num_arena_births: 66.
num_arena_deaths: 0.
num_vsnodes_births: 2.
num_vsnodes_deaths: 0.
num_space_committed: 45.
num_space_uncommitted: 0.
num_chunks_returned_to_freelist: 0.
num_chunks_taken_from_freelist: 142.
num_chunk_merges: 0.
num_chunk_splits: 89.
num_chunks_enlarged: 62.
num_purges: 0.
num_inconsistent_stats: 0.

CodeHeap 'non-profiled nmethods': size=119168Kb used=256Kb max_used=256Kb free=118911Kb
 bounds [0x0000029cadf20000, 0x0000029cae190000, 0x0000029cb5380000]
CodeHeap 'profiled nmethods': size=119104Kb used=1306Kb max_used=1306Kb free=117797Kb
 bounds [0x0000029ca6ad0000, 0x0000029ca6d40000, 0x0000029cadf20000]
CodeHeap 'non-nmethods': size=7488Kb used=2090Kb max_used=2106Kb free=5397Kb
 bounds [0x0000029ca6380000, 0x0000029ca65f0000, 0x0000029ca6ad0000]
 total_blobs=1674 nmethods=740 adapters=846
 compilation: enabled
              stopped_count=0, restarted_count=0
 full_count=0

Compilation events (20 events):
Event: 0.519 Thread 0x0000029ccbbd0640 nmethod 739 0x0000029ca6c0e410 code [0x0000029ca6c0e5c0, 0x0000029ca6c0e708]
Event: 0.519 Thread 0x0000029ccbbd0640  738   !   3       jdk.internal.loader.BuiltinClassLoader::loadClassOrNull (143 bytes)
Event: 0.520 Thread 0x0000029cc8d73e90 nmethod 730 0x0000029ca6c0e790 code [0x0000029ca6c0ec00, 0x0000029ca6c11338]
Event: 0.520 Thread 0x0000029cc8d73e90  733       3       java.util.zip.ZipUtils::CENOFF (9 bytes)
Event: 0.520 Thread 0x0000029cc8d73e90 nmethod 733 0x0000029ca6c12190 code [0x0000029ca6c12340, 0x0000029ca6c12618]
Event: 0.520 Thread 0x0000029cc8d73e90  734       3       java.util.zip.ZipFile$ZipFileInflaterInputStream::<init> (14 bytes)
Event: 0.520 Thread 0x0000029cc8d73e90 nmethod 734 0x0000029ca6c12790 code [0x0000029ca6c12940, 0x0000029ca6c12ad8]
Event: 0.520 Thread 0x0000029cc8d73e90  735   !   3       java.util.zip.ZipFile$CleanableResource::getInflater (47 bytes)
Event: 0.520 Thread 0x0000029cc8d73e90 nmethod 735 0x0000029ca6c12c10 code [0x0000029ca6c12de0, 0x0000029ca6c132f8]
Event: 0.520 Thread 0x0000029cc8d73e90  736       3       java.util.ArrayDeque::poll (5 bytes)
Event: 0.520 Thread 0x0000029cc8d73e90 nmethod 736 0x0000029ca6c13490 code [0x0000029ca6c13640, 0x0000029ca6c13788]
Event: 0.520 Thread 0x0000029cc8d73e90  737       3       java.util.zip.ZipFile$ZipFileInflaterInputStream::<init> (41 bytes)
Event: 0.520 Thread 0x0000029cc8d73e90 nmethod 737 0x0000029ca6c13810 code [0x0000029ca6c139e0, 0x0000029ca6c13eb8]
Event: 0.520 Thread 0x0000029ccbbd0640 nmethod 738 0x0000029ca6c14090 code [0x0000029ca6c143c0, 0x0000029ca6c15918]
Event: 0.521 Thread 0x0000029cc8d73e90  740       3       sun.misc.Unsafe::putLong (11 bytes)
Event: 0.521 Thread 0x0000029ccbbd0640  741       3       org.lwjgl.system.MemoryUtil::memPutAddress (29 bytes)
Event: 0.521 Thread 0x0000029cc8d73e90 nmethod 740 0x0000029ca6c16190 code [0x0000029ca6c16320, 0x0000029ca6c16438]
Event: 0.521 Thread 0x0000029ccbbd0640 nmethod 741 0x0000029ca6c16510 code [0x0000029ca6c166c0, 0x0000029ca6c168b8]
Event: 0.521 Thread 0x0000029cc8d694c0 nmethod 729 0x0000029cadf5f690 code [0x0000029cadf5f840, 0x0000029cadf5fd68]
Event: 0.521 Thread 0x0000029cc8d694c0  728   !   4       jdk.internal.loader.URLClassPath$JarLoader::ensureOpen (36 bytes)

GC Heap History (0 events):
No events

Dll operation events (8 events):
Event: 0.008 Loaded shared library C:\Program Files\Eclipse Adoptium\jdk-17.0.5.8-hotspot\bin\java.dll
Event: 0.016 Loaded shared library C:\Program Files\Eclipse Adoptium\jdk-17.0.5.8-hotspot\bin\jsvml.dll
Event: 0.092 Loaded shared library C:\Program Files\Eclipse Adoptium\jdk-17.0.5.8-hotspot\bin\net.dll
Event: 0.094 Loaded shared library C:\Program Files\Eclipse Adoptium\jdk-17.0.5.8-hotspot\bin\nio.dll
Event: 0.096 Loaded shared library C:\Program Files\Eclipse Adoptium\jdk-17.0.5.8-hotspot\bin\zip.dll
Event: 0.199 Loaded shared library C:\Program Files\Eclipse Adoptium\jdk-17.0.5.8-hotspot\bin\jimage.dll
Event: 0.224 Loaded shared library C:\Users\Cptns\AppData\Local\Temp\lwjglCptns\3.3.1-build-7\lwjgl.dll
Event: 0.516 Loaded shared library C:\Users\Cptns\AppData\Local\Temp\lwjglCptns\3.3.1-build-7\lwjgl_opengl.dll

Deoptimization events (20 events):
Event: 0.233 Thread 0x0000029c9e8af040 DEOPT PACKING pc=0x0000029ca6b966e5 sp=0x000000de91df7d80
Event: 0.233 Thread 0x0000029c9e8af040 DEOPT UNPACKING pc=0x0000029ca63d2b43 sp=0x000000de91df71d0 mode 0
Event: 0.237 Thread 0x0000029c9e8af040 DEOPT PACKING pc=0x0000029ca6b966e5 sp=0x000000de91dfa850
Event: 0.237 Thread 0x0000029c9e8af040 DEOPT UNPACKING pc=0x0000029ca63d2b43 sp=0x000000de91df9ca0 mode 0
Event: 0.248 Thread 0x0000029c9e8af040 DEOPT PACKING pc=0x0000029ca6b966e5 sp=0x000000de91dfd290
Event: 0.248 Thread 0x0000029c9e8af040 DEOPT UNPACKING pc=0x0000029ca63d2b43 sp=0x000000de91dfc6e0 mode 0
Event: 0.249 Thread 0x0000029c9e8af040 DEOPT PACKING pc=0x0000029ca6b2c75b sp=0x000000de91dfcbb0
Event: 0.249 Thread 0x0000029c9e8af040 DEOPT UNPACKING pc=0x0000029ca63d2b43 sp=0x000000de91dfc0d0 mode 0
Event: 0.253 Thread 0x0000029c9e8af040 Uncommon trap: trap_request=0xffffffde fr.pc=0x0000029cadf45590 relative=0x00000000000003d0
Event: 0.253 Thread 0x0000029c9e8af040 Uncommon trap: reason=class_check action=maybe_recompile pc=0x0000029cadf45590 method=java.util.HashMap.getNode(Ljava/lang/Object;)Ljava/util/HashMap$Node; @ 63 c2
Event: 0.253 Thread 0x0000029c9e8af040 DEOPT PACKING pc=0x0000029cadf45590 sp=0x000000de91dfba90
Event: 0.253 Thread 0x0000029c9e8af040 DEOPT UNPACKING pc=0x0000029ca63d23a3 sp=0x000000de91dfb9a8 mode 2
Event: 0.274 Thread 0x0000029c9e8af040 Uncommon trap: trap_request=0xffffffde fr.pc=0x0000029cadf45590 relative=0x00000000000003d0
Event: 0.274 Thread 0x0000029c9e8af040 Uncommon trap: reason=class_check action=maybe_recompile pc=0x0000029cadf45590 method=java.util.HashMap.getNode(Ljava/lang/Object;)Ljava/util/HashMap$Node; @ 63 c2
Event: 0.274 Thread 0x0000029c9e8af040 DEOPT PACKING pc=0x0000029cadf45590 sp=0x000000de91dfdd30
Event: 0.274 Thread 0x0000029c9e8af040 DEOPT UNPACKING pc=0x0000029ca63d23a3 sp=0x000000de91dfdc48 mode 2
Event: 0.512 Thread 0x0000029c9e8af040 Uncommon trap: trap_request=0xffffffde fr.pc=0x0000029cadf45590 relative=0x00000000000003d0
Event: 0.512 Thread 0x0000029c9e8af040 Uncommon trap: reason=class_check action=maybe_recompile pc=0x0000029cadf45590 method=java.util.HashMap.getNode(Ljava/lang/Object;)Ljava/util/HashMap$Node; @ 63 c2
Event: 0.512 Thread 0x0000029c9e8af040 DEOPT PACKING pc=0x0000029cadf45590 sp=0x000000de91dfd3e0
Event: 0.512 Thread 0x0000029c9e8af040 DEOPT UNPACKING pc=0x0000029ca63d23a3 sp=0x000000de91dfd2f8 mode 2

Classes unloaded (0 events):
No events

Classes redefined (0 events):
No events

Internal exceptions (20 events):
Event: 0.188 Thread 0x0000029c9e8af040 Exception <a 'java/lang/NoSuchMethodError'{0x0000000621919220}: 'void java.lang.invoke.DirectMethodHandle$Holder.invokeSpecial(java.lang.Object, java.lang.Object, java.lang.Object)'> (0x0000000621919220) 
thrown [s\src\hotspot\share\interpreter\linkResolver.cpp, line 759]
Event: 0.190 Thread 0x0000029c9e8af040 Exception <a 'java/lang/NoSuchMethodError'{0x000000062192c6e0}: 'java.lang.Object java.lang.invoke.DirectMethodHandle$Holder.invokeStatic(java.lang.Object, java.lang.Object, int)'> (0x000000062192c6e0) 
thrown [s\src\hotspot\share\interpreter\linkResolver.cpp, line 759]
Event: 0.191 Thread 0x0000029c9e8af040 Exception <a 'java/lang/NoSuchMethodError'{0x0000000621938450}: 'void java.lang.invoke.DelegatingMethodHandle$Holder.delegate(java.lang.Object, java.lang.Object, int, java.lang.Object)'> (0x0000000621938450) 
thrown [s\src\hotspot\share\interpreter\linkResolver.cpp, line 759]
Event: 0.192 Thread 0x0000029c9e8af040 Exception <a 'java/lang/NoSuchMethodError'{0x000000062193c690}: 'int java.lang.invoke.DirectMethodHandle$Holder.invokeSpecial(java.lang.Object, java.lang.Object, java.lang.Object)'> (0x000000062193c690) 
thrown [s\src\hotspot\share\interpreter\linkResolver.cpp, line 759]
Event: 0.223 Thread 0x0000029c9e8af040 Exception <a 'sun/nio/fs/WindowsException'{0x0000000621a8afe8}> (0x0000000621a8afe8) 
thrown [s\src\hotspot\share\prims\jni.cpp, line 516]
Event: 0.223 Thread 0x0000029c9e8af040 Exception <a 'sun/nio/fs/WindowsException'{0x0000000621a8b538}> (0x0000000621a8b538) 
thrown [s\src\hotspot\share\prims\jni.cpp, line 516]
Event: 0.235 Thread 0x0000029c9e8af040 Exception <a 'java/lang/NoSuchMethodError'{0x0000000621b318f0}: 'int java.lang.invoke.DirectMethodHandle$Holder.invokeStaticInit(java.lang.Object, java.lang.Object, int, long)'> (0x0000000621b318f0) 
thrown [s\src\hotspot\share\interpreter\linkResolver.cpp, line 759]
Event: 0.236 Thread 0x0000029c9e8af040 Exception <a 'java/lang/NoSuchMethodError'{0x0000000621b371b8}: 'java.lang.Object java.lang.invoke.DirectMethodHandle$Holder.newInvokeSpecial(java.lang.Object, java.lang.Object, int)'> (0x0000000621b371b8) 
thrown [s\src\hotspot\share\interpreter\linkResolver.cpp, line 759]
Event: 0.238 Thread 0x0000029c9e8af040 Exception <a 'java/lang/NoSuchMethodError'{0x0000000621b51c28}: 'int java.lang.invoke.DirectMethodHandle$Holder.invokeStaticInit(java.lang.Object, java.lang.Object, long, long)'> (0x0000000621b51c28) 
thrown [s\src\hotspot\share\interpreter\linkResolver.cpp, line 759]
Event: 0.239 Thread 0x0000029c9e8af040 Exception <a 'java/lang/NoSuchMethodError'{0x0000000621b57d38}: 'java.lang.Object java.lang.invoke.DirectMethodHandle$Holder.newInvokeSpecial(java.lang.Object, java.lang.Object, long)'> (0x0000000621b57d38) 
thrown [s\src\hotspot\share\interpreter\linkResolver.cpp, line 759]
Event: 0.239 Thread 0x0000029c9e8af040 Exception <a 'java/lang/NoSuchMethodError'{0x0000000621b5bd80}: 'java.lang.Object java.lang.invoke.Invokers$Holder.linkToTargetMethod(java.lang.Object, long, java.lang.Object)'> (0x0000000621b5bd80) 
thrown [s\src\hotspot\share\interpreter\linkResolver.cpp, line 759]
Event: 0.240 Thread 0x0000029c9e8af040 Exception <a 'java/lang/NoSuchMethodError'{0x0000000621b636e0}: 'int java.lang.invoke.DirectMethodHandle$Holder.invokeStaticInit(java.lang.Object, java.lang.Object, java.lang.Object, long)'> (0x0000000621b636e0) 
thrown [s\src\hotspot\share\interpreter\linkResolver.cpp, line 759]
Event: 0.257 Thread 0x0000029c9e8af040 Exception <a 'sun/nio/fs/WindowsException'{0x000000062144bee8}> (0x000000062144bee8) 
thrown [s\src\hotspot\share\prims\jni.cpp, line 516]
Event: 0.257 Thread 0x0000029c9e8af040 Exception <a 'sun/nio/fs/WindowsException'{0x000000062144c278}> (0x000000062144c278) 
thrown [s\src\hotspot\share\prims\jni.cpp, line 516]
Event: 0.276 Thread 0x0000029c9e8af040 Exception <a 'sun/nio/fs/WindowsException'{0x0000000621534ae0}> (0x0000000621534ae0) 
thrown [s\src\hotspot\share\prims\jni.cpp, line 516]
Event: 0.276 Thread 0x0000029c9e8af040 Exception <a 'sun/nio/fs/WindowsException'{0x0000000621534e40}> (0x0000000621534e40) 
thrown [s\src\hotspot\share\prims\jni.cpp, line 516]
Event: 0.515 Thread 0x0000029c9e8af040 Exception <a 'sun/nio/fs/WindowsException'{0x00000006215f8338}> (0x00000006215f8338) 
thrown [s\src\hotspot\share\prims\jni.cpp, line 516]
Event: 0.515 Thread 0x0000029c9e8af040 Exception <a 'sun/nio/fs/WindowsException'{0x00000006215f86e0}> (0x00000006215f86e0) 
thrown [s\src\hotspot\share\prims\jni.cpp, line 516]
Event: 0.519 Thread 0x0000029c9e8af040 Exception <a 'sun/nio/fs/WindowsException'{0x000000062160c088}> (0x000000062160c088) 
thrown [s\src\hotspot\share\prims\jni.cpp, line 516]
Event: 0.519 Thread 0x0000029c9e8af040 Exception <a 'sun/nio/fs/WindowsException'{0x000000062160c368}> (0x000000062160c368) 
thrown [s\src\hotspot\share\prims\jni.cpp, line 516]

VM Operations (6 events):
Event: 0.096 Executing VM operation: HandshakeAllThreads
Event: 0.096 Executing VM operation: HandshakeAllThreads done
Event: 0.190 Executing VM operation: HandshakeAllThreads
Event: 0.190 Executing VM operation: HandshakeAllThreads done
Event: 0.216 Executing VM operation: HandshakeAllThreads
Event: 0.216 Executing VM operation: HandshakeAllThreads done

Events (20 events):
Event: 0.230 loading class jdk/internal/reflect/UnsafeQualifiedStaticObjectFieldAccessorImpl
Event: 0.230 loading class jdk/internal/reflect/UnsafeQualifiedStaticFieldAccessorImpl
Event: 0.230 loading class jdk/internal/reflect/UnsafeQualifiedStaticFieldAccessorImpl done
Event: 0.230 loading class jdk/internal/reflect/UnsafeQualifiedStaticObjectFieldAccessorImpl done
Event: 0.235 loading class java/util/function/LongPredicate
Event: 0.235 loading class java/util/function/LongPredicate done
Event: 0.236 loading class jdk/internal/access/foreign/MemorySegmentProxy
Event: 0.236 loading class jdk/internal/access/foreign/MemorySegmentProxy done
Event: 0.241 loading class java/nio/InvalidMarkException
Event: 0.241 loading class java/nio/InvalidMarkException done
Event: 0.242 loading class java/nio/BufferUnderflowException
Event: 0.242 loading class java/nio/BufferUnderflowException done
Event: 0.246 Thread 0x0000029cccc1d330 Thread added: 0x0000029cccc1d330
Event: 0.258 loading class java/lang/NoSuchFieldError
Event: 0.258 loading class java/lang/NoSuchFieldError done
Event: 0.276 loading class jdk/internal/misc/ScopedMemoryAccess$Scope
Event: 0.276 loading class jdk/internal/misc/ScopedMemoryAccess$Scope done
Event: 0.278 loading class jdk/internal/reflect/UnsafeQualifiedStaticIntegerFieldAccessorImpl
Event: 0.279 loading class jdk/internal/reflect/UnsafeQualifiedStaticIntegerFieldAccessorImpl done
Event: 0.497 Thread 0x0000029cccc1d330 Thread exited: 0x0000029cccc1d330


Dynamic libraries:
0x00007ff72bb40000 - 0x00007ff72bb4e000 	C:\Program Files\Eclipse Adoptium\jdk-17.0.5.8-hotspot\bin\java.exe
0x00007ffd099b0000 - 0x00007ffd09bc4000 	C:\Windows\SYSTEM32\ntdll.dll
0x00007ffd08b80000 - 0x00007ffd08c42000 	C:\Windows\System32\KERNEL32.DLL
0x00007ffd072e0000 - 0x00007ffd0767d000 	C:\Windows\System32\KERNELBASE.dll
0x00007ffd07680000 - 0x00007ffd07791000 	C:\Windows\System32\ucrtbase.dll
0x00007ffccb380000 - 0x00007ffccb397000 	C:\Program Files\Eclipse Adoptium\jdk-17.0.5.8-hotspot\bin\jli.dll
0x00007ffccb360000 - 0x00007ffccb379000 	C:\Program Files\Eclipse Adoptium\jdk-17.0.5.8-hotspot\bin\VCRUNTIME140.dll
0x00007ffd08c50000 - 0x00007ffd08dfd000 	C:\Windows\System32\USER32.dll
0x00007ffced5e0000 - 0x00007ffced86e000 	C:\Windows\WinSxS\amd64_microsoft.windows.common-controls_6595b64144ccf1df_6.0.22621.608_none_a9444ca7c10bb01d\COMCTL32.dll
0x00007ffd06f90000 - 0x00007ffd06fb6000 	C:\Windows\System32\win32u.dll
0x00007ffd09280000 - 0x00007ffd09327000 	C:\Windows\System32\msvcrt.dll
0x00007ffd09250000 - 0x00007ffd09279000 	C:\Windows\System32\GDI32.dll
0x00007ffd06e70000 - 0x00007ffd06f82000 	C:\Windows\System32\gdi32full.dll
0x00007ffd06dd0000 - 0x00007ffd06e6a000 	C:\Windows\System32\msvcp_win.dll
0x00007ffd08470000 - 0x00007ffd084a2000 	C:\Windows\System32\IMM32.DLL
0x00007ffd03610000 - 0x00007ffd0361c000 	C:\Program Files\Eclipse Adoptium\jdk-17.0.5.8-hotspot\bin\vcruntime140_1.dll
0x00007ffc81890000 - 0x00007ffc81921000 	C:\Program Files\Eclipse Adoptium\jdk-17.0.5.8-hotspot\bin\msvcp140.dll
0x00007ffc7d560000 - 0x00007ffc7e1a4000 	C:\Program Files\Eclipse Adoptium\jdk-17.0.5.8-hotspot\bin\server\jvm.dll
0x00007ffd08350000 - 0x00007ffd083fe000 	C:\Windows\System32\ADVAPI32.dll
0x00007ffd08ad0000 - 0x00007ffd08b74000 	C:\Windows\System32\sechost.dll
0x00007ffd09330000 - 0x00007ffd09445000 	C:\Windows\System32\RPCRT4.dll
0x00007ffcfd6e0000 - 0x00007ffcfd714000 	C:\Windows\SYSTEM32\WINMM.dll
0x00007ffcd9aa0000 - 0x00007ffcd9aa9000 	C:\Windows\SYSTEM32\WSOCK32.dll
0x00007ffcfedf0000 - 0x00007ffcfedfa000 	C:\Windows\SYSTEM32\VERSION.dll
0x00007ffd091d0000 - 0x00007ffd09241000 	C:\Windows\System32\WS2_32.dll
0x00007ffd05f20000 - 0x00007ffd05f38000 	C:\Windows\SYSTEM32\kernel.appcore.dll
0x00007ffce1c50000 - 0x00007ffce1c5a000 	C:\Program Files\Eclipse Adoptium\jdk-17.0.5.8-hotspot\bin\jimage.dll
0x00007ffcf9340000 - 0x00007ffcf956e000 	C:\Windows\SYSTEM32\DBGHELP.DLL
0x00007ffd07f90000 - 0x00007ffd0831a000 	C:\Windows\System32\combase.dll
0x00007ffd09840000 - 0x00007ffd09917000 	C:\Windows\System32\OLEAUT32.dll
0x00007ffcf3000000 - 0x00007ffcf3032000 	C:\Windows\SYSTEM32\dbgcore.DLL
0x00007ffd06fc0000 - 0x00007ffd0703b000 	C:\Windows\System32\bcryptPrimitives.dll
0x00007ffcbf6d0000 - 0x00007ffcbf6f5000 	C:\Program Files\Eclipse Adoptium\jdk-17.0.5.8-hotspot\bin\java.dll
0x00007ffc817b0000 - 0x00007ffc81886000 	C:\Program Files\Eclipse Adoptium\jdk-17.0.5.8-hotspot\bin\jsvml.dll
0x00007ffd077a0000 - 0x00007ffd07f8f000 	C:\Windows\System32\SHELL32.dll
0x00007ffd04e10000 - 0x00007ffd056d8000 	C:\Windows\SYSTEM32\windows.storage.dll
0x00007ffd04cd0000 - 0x00007ffd04e0e000 	C:\Windows\SYSTEM32\wintypes.dll
0x00007ffd09450000 - 0x00007ffd09541000 	C:\Windows\System32\SHCORE.dll
0x00007ffd08400000 - 0x00007ffd0845e000 	C:\Windows\System32\shlwapi.dll
0x00007ffd06d00000 - 0x00007ffd06d21000 	C:\Windows\SYSTEM32\profapi.dll
0x00007ffccb340000 - 0x00007ffccb359000 	C:\Program Files\Eclipse Adoptium\jdk-17.0.5.8-hotspot\bin\net.dll
0x00007ffd00830000 - 0x00007ffd0095f000 	C:\Windows\SYSTEM32\WINHTTP.dll
0x00007ffd06380000 - 0x00007ffd063e9000 	C:\Windows\system32\mswsock.dll
0x00007ffcbf6b0000 - 0x00007ffcbf6c5000 	C:\Program Files\Eclipse Adoptium\jdk-17.0.5.8-hotspot\bin\nio.dll
0x00007ffcb9e60000 - 0x00007ffcb9e78000 	C:\Program Files\Eclipse Adoptium\jdk-17.0.5.8-hotspot\bin\zip.dll
0x00007ffccad50000 - 0x00007ffccadc5000 	C:\Users\Cptns\AppData\Local\Temp\lwjglCptns\3.3.1-build-7\lwjgl.dll
0x00007ffc77b50000 - 0x00007ffc77da9000 	C:\Users\Cptns\AppData\Local\Temp\lwjglCptns\3.3.1-build-7\jemalloc.dll
0x00007ffccaab0000 - 0x00007ffccab11000 	C:\Users\Cptns\AppData\Local\Temp\lwjglCptns\3.3.1-build-7\glfw.dll
0x00007ffcb7d60000 - 0x00007ffcb7da6000 	C:\Windows\SYSTEM32\dinput8.dll
0x00007ffcbafe0000 - 0x00007ffcbaff1000 	C:\Windows\SYSTEM32\xinput1_4.dll
0x00007ffd06ae0000 - 0x00007ffd06b2e000 	C:\Windows\SYSTEM32\cfgmgr32.dll
0x00007ffd06a80000 - 0x00007ffd06ab3000 	C:\Windows\SYSTEM32\DEVOBJ.dll
0x00007ffd044b0000 - 0x00007ffd044db000 	C:\Windows\SYSTEM32\dwmapi.dll
0x00007ffcece30000 - 0x00007ffced031000 	C:\Windows\SYSTEM32\inputhost.dll
0x00007ffd03650000 - 0x00007ffd03783000 	C:\Windows\SYSTEM32\CoreMessaging.dll
0x00007ffd04240000 - 0x00007ffd042eb000 	C:\Windows\system32\uxtheme.dll
0x00007ffd065d0000 - 0x00007ffd065dc000 	C:\Windows\SYSTEM32\CRYPTBASE.DLL
0x00007ffd089b0000 - 0x00007ffd08ace000 	C:\Windows\System32\MSCTF.dll
0x00007ffca4600000 - 0x00007ffca4700000 	C:\Windows\SYSTEM32\opengl32.dll
0x00007ffca45d0000 - 0x00007ffca45fd000 	C:\Windows\SYSTEM32\GLU32.dll
0x00007ffd04550000 - 0x00007ffd04586000 	C:\Windows\SYSTEM32\dxcore.dll
0x00007ffd08e00000 - 0x00007ffd08eb7000 	C:\Windows\System32\clbcatq.dll
0x00007ffca0c90000 - 0x00007ffca45c2000 	C:\Windows\System32\DriverStore\FileRepository\nv_dispi.inf_amd64_f52c4b8723f8dd33\nvoglv64.dll
0x00007ffd08530000 - 0x00007ffd089aa000 	C:\Windows\System32\SETUPAPI.dll
0x00007ffd09030000 - 0x00007ffd091cc000 	C:\Windows\System32\ole32.dll
0x00007ffd06770000 - 0x00007ffd06798000 	C:\Windows\SYSTEM32\bcrypt.dll
0x00007ffd041d0000 - 0x00007ffd041e4000 	C:\Windows\SYSTEM32\WTSAPI32.dll
0x00007ffd06a60000 - 0x00007ffd06a72000 	C:\Windows\SYSTEM32\msasn1.dll
0x00007ffcfedb0000 - 0x00007ffcfede2000 	C:\Windows\SYSTEM32\cryptnet.dll
0x00007ffd07100000 - 0x00007ffd07266000 	C:\Windows\System32\CRYPT32.dll
0x00007ffcfec50000 - 0x00007ffcfeda8000 	C:\Windows\SYSTEM32\drvstore.dll
0x00007ffd06680000 - 0x00007ffd066c9000 	C:\Windows\SYSTEM32\wldp.dll
0x00007ffd07270000 - 0x00007ffd072db000 	C:\Windows\System32\WINTRUST.dll
0x00007ffd05f40000 - 0x00007ffd05f74000 	C:\Windows\SYSTEM32\ntmarta.dll
0x00007ffcba930000 - 0x00007ffcbabff000 	C:\Windows\system32\nvspcap64.dll
0x00007ffd05cf0000 - 0x00007ffd05d3d000 	C:\Windows\SYSTEM32\powrprof.dll
0x00007ffd05cd0000 - 0x00007ffd05ce3000 	C:\Windows\SYSTEM32\UMPDC.dll
0x00007ffd05920000 - 0x00007ffd05986000 	C:\Windows\SYSTEM32\WINSTA.dll
0x00007ffcfab80000 - 0x00007ffcfacad000 	C:\Windows\SYSTEM32\textinputframework.dll
0x00007ffcffed0000 - 0x00007ffd0023c000 	C:\Windows\SYSTEM32\CoreUIComponents.dll
0x00007ffcbc8a0000 - 0x00007ffcbc8fd000 	C:\Users\Cptns\AppData\Local\Temp\lwjglCptns\3.3.1-build-7\lwjgl_opengl.dll

dbghelp: loaded successfully - version: 4.0.5 - missing functions: none
symbol engine: initialized successfully - sym options: 0x614 - pdb path: .;C:\Program Files\Eclipse Adoptium\jdk-17.0.5.8-hotspot\bin;C:\Windows\SYSTEM32;C:\Windows\WinSxS\amd64_microsoft.windows.common-controls_6595b64144ccf1df_6.0.22621.608_none_a9444ca7c10bb01d;C:\Program Files\Eclipse Adoptium\jdk-17.0.5.8-hotspot\bin\server;C:\Users\Cptns\AppData\Local\Temp\lwjglCptns\3.3.1-build-7;C:\Windows\System32\DriverStore\FileRepository\nv_dispi.inf_amd64_f52c4b8723f8dd33

VM Arguments:
jvm_args: -Dfile.encoding=UTF-8 -Duser.country=US -Duser.language=en -Duser.variant 
java_command: voyage_engine.AppKt
java_class_path (initial): C:\Users\Cptns\Projects\Programming\kotlin\voyage_engine\app\build\classes\java\main;C:\Users\Cptns\Projects\Programming\kotlin\voyage_engine\app\build\classes\kotlin\main;C:\Users\Cptns\Projects\Programming\kotlin\voyage_engine\app\build\resources\main;C:\Users\Cptns\.gradle\caches\modules-2\files-2.1\org.jetbrains.kotlin\kotlin-stdlib-jdk8\1.7.10\d70d7d2c56371f7aa18f32e984e3e2e998fe9081\kotlin-stdlib-jdk8-1.7.10.jar;C:\Users\Cptns\.gradle\caches\modules-2\files-2.1\com.google.guava\guava\31.1-jre\60458f877d055d0c9114d9e1a2efb737b4bc282c\guava-31.1-jre.jar;C:\Users\Cptns\.gradle\caches\modules-2\files-2.1\com.github.kotlin-graphics\glm\0.01\21df155125a19161a281872b7eb7cb0557c1ace4\glm-0.01.jar;C:\Users\Cptns\.gradle\caches\modules-2\files-2.1\org.lwjgl\lwjgl-assimp\3.3.1\312072f451794f25670aebb0160ce6ec88aff842\lwjgl-assimp-3.3.1.jar;C:\Users\Cptns\.gradle\caches\modules-2\files-2.1\org.lwjgl\lwjgl-assimp\3.3.1\bfa2a0d57acbf952b716d0ad8a3acbd7ad9f5639\lwjgl-assimp-3.3.1-natives-windows.jar;C:\Users\Cptns\.gradle\caches\modules-2\files-2.1\org.lwjgl\lwjgl-bgfx\3.3.1\4243b7d255d885980f10c36edfb678729493685e\lwjgl-bgfx-3.3.1.jar;C:\Users\Cptns\.gradle\caches\modules-2\files-2.1\org.lwjgl\lwjgl-bgfx\3.3.1\12f22e13c99db9153124dbc17b84fe0233c6f3d5\lwjgl-bgfx-3.3.1-natives-windows.jar;C:\Users\Cptns\.gradle\caches\modules-2\files-2.1\org.lwjgl\lwjgl-cuda\3.3.1\8b67bd7760450f890eade8f74bfaf0dca10821fe\lwjgl-cuda-3.3.1.jar;C:\Users\Cptns\.gradle\caches\modules-2\files-2.1\org.lwjgl\lwjgl-egl\3.3.1\8399e6734ad7d97d2e1f865b2c6c5232d5126dca\lwjgl-egl-3.3.1.jar;C:\Users\Cptns\.gradle\caches\modules-2\files-2.1\org.lwjgl\lwjgl-glfw\3.3.1\cbac1b8d30cb4795149c1ef540f912671a8616d0\lwjgl-glfw-3.3.1.jar;C:\Users\Cptns\.gradle\caches\modules-2\files-2.1\org.lwjgl\lwjgl-glfw\3.3.1\ed892f945cf7e79c8756796f32d00fa4ceaf573b\lwjgl-glfw-3.3.1-natives-windows.jar;C:\Users\Cptns\.gradle\caches\modules-2\files-2.1\org.lwjgl\lwjgl-jawt\3.3.1\30330b16b809655d42f4951e
Launcher Type: SUN_STANDARD

[Global flags]
     intx CICompilerCount                          = 12                                        {product} {ergonomic}
     uint ConcGCThreads                            = 3                                         {product} {ergonomic}
     uint G1ConcRefinementThreads                  = 13                                        {product} {ergonomic}
   size_t G1HeapRegionSize                         = 4194304                                   {product} {ergonomic}
    uintx GCDrainStackTargetSize                   = 64                                        {product} {ergonomic}
   size_t InitialHeapSize                          = 536870912                                 {product} {ergonomic}
   size_t MarkStackSize                            = 4194304                                   {product} {ergonomic}
   size_t MaxHeapSize                              = 8552185856                                {product} {ergonomic}
   size_t MaxNewSize                               = 5129633792                                {product} {ergonomic}
   size_t MinHeapDeltaBytes                        = 4194304                                   {product} {ergonomic}
   size_t MinHeapSize                              = 8388608                                   {product} {ergonomic}
    uintx NonNMethodCodeHeapSize                   = 7602480                                {pd product} {ergonomic}
    uintx NonProfiledCodeHeapSize                  = 122027880                              {pd product} {ergonomic}
    uintx ProfiledCodeHeapSize                     = 122027880                              {pd product} {ergonomic}
    uintx ReservedCodeCacheSize                    = 251658240                              {pd product} {ergonomic}
     bool SegmentedCodeCache                       = true                                      {product} {ergonomic}
   size_t SoftMaxHeapSize                          = 8552185856                             {manageable} {ergonomic}
     bool UseCompressedClassPointers               = true                           {product lp64_product} {ergonomic}
     bool UseCompressedOops                        = true                           {product lp64_product} {ergonomic}
     bool UseG1GC                                  = true                                      {product} {ergonomic}
     bool UseLargePagesIndividualAllocation        = false                                  {pd product} {ergonomic}

Logging:
Log output configuration:
 #0: stdout all=warning uptime,level,tags
 #1: stderr all=off uptime,level,tags

Environment Variables:
CLASSPATH=c:\Users\Cptns\.vscode\extensions\vscjava.vscode-gradle-3.12.6\lib\gradle-server.jar
PATH=C:\Program Files\Eclipse Adoptium\jdk-17.0.5.8-hotspot\bin;C:\Windows\system32;C:\Windows;C:\Windows\System32\Wbem;C:\Windows\System32\WindowsPowerShell\v1.0\;C:\Windows\System32\OpenSSH\;C:\Program Files\PuTTY\;C:\Program Files\Microsoft VS Code\bin;C:\Program Files\NVIDIA Corporation\NVIDIA NvDLISR;C:\Program Files (x86)\NVIDIA Corporation\PhysX\Common;C:\Program Files\Git\cmd;C:\Program Files\dotnet\;C:\Program Files\platform-tools_r33.0.3-windows\platform-tools;C:\Android;C:\Program Files\gradle-7.6\bin;C:\Users\Cptns\AppData\Local\Microsoft\WindowsApps;
USERNAME=Cptns
OS=Windows_NT
PROCESSOR_IDENTIFIER=Intel64 Family 6 Model 165 Stepping 5, GenuineIntel
TMP=C:\Users\Cptns\AppData\Local\Temp
TEMP=C:\Users\Cptns\AppData\Local\Temp



---------------  S Y S T E M  ---------------

OS:
 Windows 11 , 64 bit Build 22621 (10.0.22621.900)
OS uptime: 0 days 10:31 hours

CPU: total 16 (initial active 16) (8 cores per cpu, 2 threads per core) family 6 model 165 stepping 5 microcode 0xe2, cx8, cmov, fxsr, ht, mmx, 3dnowpref, sse, sse2, sse3, ssse3, sse4.1, sse4.2, popcnt, lzcnt, tsc, tscinvbit, avx, avx2, aes, erms, clmul, bmi1, bmi2, adx, fma, vzeroupper, clflush, clflushopt

Memory: 4k page, system-wide physical 32622M (15286M free)
TotalPageFile size 40046M (AvailPageFile size 10276M)
current process WorkingSet (physical memory assigned to process): 109M, peak: 109M
current process commit charge ("private bytes"): 706M, peak: 706M

vm_info: OpenJDK 64-Bit Server VM (17.0.5+8) for windows-amd64 JRE (17.0.5+8), built on Oct 19 2022 04:48:13 by "temurin" with MS VC++ 16.7 (VS2019)

END.
